# JRE version: OpenJDK Runtime Environment (8.0_202-b03) (build 1.8.0_202-release-1483-b03)
# Java VM: OpenJDK 64-Bit Server VM (25.202-b03 mixed mode windows-amd64 compressed oops)
Heap:
 PSYoungGen      total 417792K, used 211419K [0x00000000e0000000, 0x00000000ffd80000, 0x0000000100000000)
  eden space 311296K, 64% used [0x00000000e0000000,0x00000000ec57da70,0x00000000f3000000)
  from space 106496K, 8% used [0x00000000f3000000,0x00000000f38f9558,0x00000000f9800000)
  to   space 103936K, 0% used [0x00000000f9800000,0x00000000f9800000,0x00000000ffd80000)
 ParOldGen       total 240128K, used 139675K [0x00000000a0000000, 0x00000000aea80000, 0x00000000e0000000)
  object space 240128K, 58% used [0x00000000a0000000,0x00000000a8866e18,0x00000000aea80000)
 Metaspace       used 95696K, capacity 99766K, committed 99992K, reserved 1136640K
  class space    used 12192K, capacity 13033K, committed 13224K, reserved 1048576K
GC Heap History (10 events):
Event: 4788.103 GC heap before
{Heap before GC invocations=30 (full 5):
 PSYoungGen      total 394240K, used 394236K [0x00000000e0000000, 0x0000000100000000, 0x0000000100000000)
  eden space 312320K, 100% used [0x00000000e0000000,0x00000000f3100000,0x00000000f3100000)
  from space 81920K, 99% used [0x00000000f9380000,0x00000000fe37f198,0x00000000fe380000)
  to   space 100864K, 0% used [0x00000000f3100000,0x00000000f3100000,0x00000000f9380000)
 ParOldGen       total 240128K, used 72798K [0x00000000a0000000, 0x00000000aea80000, 0x00000000e0000000)
  object space 240128K, 30% used [0x00000000a0000000,0x00000000a4717bd0,0x00000000aea80000)
 Metaspace       used 94008K, capacity 97710K, committed 99096K, reserved 1134592K
  class space    used 12084K, capacity 12839K, committed 13096K, reserved 1048576K
Event: 4788.167 GC heap after
Heap after GC invocations=30 (full 5):
 PSYoungGen      total 413184K, used 8144K [0x00000000e0000000, 0x0000000100000000, 0x0000000100000000)
  eden space 312320K, 0% used [0x00000000e0000000,0x00000000e0000000,0x00000000f3100000)
  from space 100864K, 8% used [0x00000000f3100000,0x00000000f38f4030,0x00000000f9380000)
  to   space 98816K, 0% used [0x00000000f9f80000,0x00000000f9f80000,0x0000000100000000)
 ParOldGen       total 240128K, used 110962K [0x00000000a0000000, 0x00000000aea80000, 0x00000000e0000000)
  object space 240128K, 46% used [0x00000000a0000000,0x00000000a6c5c848,0x00000000aea80000)
 Metaspace       used 94008K, capacity 97710K, committed 99096K, reserved 1134592K
  class space    used 12084K, capacity 12839K, committed 13096K, reserved 1048576K
}
Event: 4793.434 GC heap before
{Heap before GC invocations=31 (full 5):
 PSYoungGen      total 413184K, used 318407K [0x00000000e0000000, 0x0000000100000000, 0x0000000100000000)
  eden space 312320K, 99% used [0x00000000e0000000,0x00000000f2efdd20,0x00000000f3100000)
  from space 100864K, 8% used [0x00000000f3100000,0x00000000f38f4030,0x00000000f9380000)
  to   space 98816K, 0% used [0x00000000f9f80000,0x00000000f9f80000,0x0000000100000000)
 ParOldGen       total 240128K, used 110962K [0x00000000a0000000, 0x00000000aea80000, 0x00000000e0000000)
  object space 240128K, 46% used [0x00000000a0000000,0x00000000a6c5c848,0x00000000aea80000)
 Metaspace       used 94631K, capacity 98516K, committed 99096K, reserved 1134592K
  class space    used 12109K, capacity 12884K, committed 13096K, reserved 1048576K
Event: 4793.453 GC heap after
Heap after GC invocations=31 (full 5):
 PSYoungGen      total 415232K, used 7896K [0x00000000e0000000, 0x00000000ff800000, 0x0000000100000000)
  eden space 324608K, 0% used [0x00000000e0000000,0x00000000e0000000,0x00000000f3d00000)
  from space 90624K, 8% used [0x00000000f9f80000,0x00000000fa736090,0x00000000ff800000)
  to   space 95744K, 0% used [0x00000000f3d00000,0x00000000f3d00000,0x00000000f9a80000)
 ParOldGen       total 240128K, used 116545K [0x00000000a0000000, 0x00000000aea80000, 0x00000000e0000000)
  object space 240128K, 48% used [0x00000000a0000000,0x00000000a71d0770,0x00000000aea80000)
 Metaspace       used 94631K, capacity 98516K, committed 99096K, reserved 1134592K
  class space    used 12109K, capacity 12884K, committed 13096K, reserved 1048576K
}
Event: 4794.766 GC heap before
{Heap before GC invocations=32 (full 5):
 PSYoungGen      total 415232K, used 332504K [0x00000000e0000000, 0x00000000ff800000, 0x0000000100000000)
  eden space 324608K, 100% used [0x00000000e0000000,0x00000000f3d00000,0x00000000f3d00000)
  from space 90624K, 8% used [0x00000000f9f80000,0x00000000fa736090,0x00000000ff800000)
  to   space 95744K, 0% used [0x00000000f3d00000,0x00000000f3d00000,0x00000000f9a80000)
 ParOldGen       total 240128K, used 116545K [0x00000000a0000000, 0x00000000aea80000, 0x00000000e0000000)
  object space 240128K, 48% used [0x00000000a0000000,0x00000000a71d0770,0x00000000aea80000)
 Metaspace       used 94635K, capacity 98516K, committed 99096K, reserved 1134592K
  class space    used 12109K, capacity 12884K, committed 13096K, reserved 1048576K
Event: 4794.870 GC heap after
Heap after GC invocations=32 (full 5):
 PSYoungGen      total 420352K, used 95629K [0x00000000e0000000, 0x0000000100000000, 0x0000000100000000)
  eden space 324608K, 0% used [0x00000000e0000000,0x00000000e0000000,0x00000000f3d00000)
  from space 95744K, 99% used [0x00000000f3d00000,0x00000000f9a63520,0x00000000f9a80000)
  to   space 103936K, 0% used [0x00000000f9a80000,0x00000000f9a80000,0x0000000100000000)
 ParOldGen       total 240128K, used 122305K [0x00000000a0000000, 0x00000000aea80000, 0x00000000e0000000)
  object space 240128K, 50% used [0x00000000a0000000,0x00000000a7770668,0x00000000aea80000)
 Metaspace       used 94635K, capacity 98516K, committed 99096K, reserved 1134592K
  class space    used 12109K, capacity 12884K, committed 13096K, reserved 1048576K
}
Event: 5008.839 GC heap before
{Heap before GC invocations=33 (full 5):
 PSYoungGen      total 420352K, used 420237K [0x00000000e0000000, 0x0000000100000000, 0x0000000100000000)
  eden space 324608K, 100% used [0x00000000e0000000,0x00000000f3d00000,0x00000000f3d00000)
  from space 95744K, 99% used [0x00000000f3d00000,0x00000000f9a63520,0x00000000f9a80000)
  to   space 103936K, 0% used [0x00000000f9a80000,0x00000000f9a80000,0x0000000100000000)
 ParOldGen       total 240128K, used 122305K [0x00000000a0000000, 0x00000000aea80000, 0x00000000e0000000)
  object space 240128K, 50% used [0x00000000a0000000,0x00000000a7770668,0x00000000aea80000)
 Metaspace       used 95214K, capacity 99138K, committed 99352K, reserved 1136640K
  class space    used 12146K, capacity 12951K, committed 13096K, reserved 1048576K
Event: 5008.888 GC heap after
Heap after GC invocations=33 (full 5):
 PSYoungGen      total 415232K, used 34609K [0x00000000e0000000, 0x0000000100000000, 0x0000000100000000)
  eden space 311296K, 0% used [0x00000000e0000000,0x00000000e0000000,0x00000000f3000000)
  from space 103936K, 33% used [0x00000000f9a80000,0x00000000fbc4c670,0x0000000100000000)
  to   space 106496K, 0% used [0x00000000f3000000,0x00000000f3000000,0x00000000f9800000)
 ParOldGen       total 240128K, used 134407K [0x00000000a0000000, 0x00000000aea80000, 0x00000000e0000000)
  object space 240128K, 55% used [0x00000000a0000000,0x00000000a8341ef8,0x00000000aea80000)
 Metaspace       used 95214K, capacity 99138K, committed 99352K, reserved 1136640K
  class space    used 12146K, capacity 12951K, committed 13096K, reserved 1048576K
}
Event: 5009.970 GC heap before
{Heap before GC invocations=34 (full 5):
 PSYoungGen      total 415232K, used 341176K [0x00000000e0000000, 0x0000000100000000, 0x0000000100000000)
  eden space 311296K, 98% used [0x00000000e0000000,0x00000000f2b61b10,0x00000000f3000000)
  from space 103936K, 33% used [0x00000000f9a80000,0x00000000fbc4c670,0x0000000100000000)
  to   space 106496K, 0% used [0x00000000f3000000,0x00000000f3000000,0x00000000f9800000)
 ParOldGen       total 240128K, used 134407K [0x00000000a0000000, 0x00000000aea80000, 0x00000000e0000000)
  object space 240128K, 55% used [0x00000000a0000000,0x00000000a8341ef8,0x00000000aea80000)
 Metaspace       used 95244K, capacity 99158K, committed 99352K, reserved 1136640K
  class space    used 12148K, capacity 12953K, committed 13096K, reserved 1048576K
Event: 5009.978 GC heap after
Heap after GC invocations=34 (full 5):
 PSYoungGen      total 417792K, used 9189K [0x00000000e0000000, 0x00000000ffd80000, 0x0000000100000000)
  eden space 311296K, 0% used [0x00000000e0000000,0x00000000e0000000,0x00000000f3000000)
  from space 106496K, 8% used [0x00000000f3000000,0x00000000f38f9558,0x00000000f9800000)
  to   space 103936K, 0% used [0x00000000f9800000,0x00000000f9800000,0x00000000ffd80000)
 ParOldGen       total 240128K, used 139675K [0x00000000a0000000, 0x00000000aea80000, 0x00000000e0000000)
  object space 240128K, 58% used [0x00000000a0000000,0x00000000a8866e18,0x00000000aea80000)
 Metaspace       used 95244K, capacity 99158K, committed 99352K, reserved 1136640K
  class space    used 12148K, capacity 12953K, committed 13096K, reserved 1048576K
}

