# JRE version: OpenJDK Runtime Environment (8.0_202-b03) (build 1.8.0_202-release-1483-b03)
# Java VM: OpenJDK 64-Bit Server VM (25.202-b03 mixed mode windows-amd64 compressed oops)
Heap:
 PSYoungGen      total 57344K, used 53552K [0x00000000e0000000, 0x00000000e5600000, 0x0000000100000000)
  eden space 47104K, 99% used [0x00000000e0000000,0x00000000e2ddd9c8,0x00000000e2e00000)
  from space 10240K, 64% used [0x00000000e2e00000,0x00000000e346e658,0x00000000e3800000)
  to   space 10240K, 0% used [0x00000000e4c00000,0x00000000e4c00000,0x00000000e5600000)
 ParOldGen       total 56320K, used 8884K [0x00000000a0000000, 0x00000000a3700000, 0x00000000e0000000)
  object space 56320K, 15% used [0x00000000a0000000,0x00000000a08ad128,0x00000000a3700000)
 Metaspace       used 33045K, capacity 33822K, committed 34048K, reserved 1079296K
  class space    used 4562K, capacity 4790K, committed 4864K, reserved 1048576K
GC Heap History (10 events):
Event: 3.324 GC heap before
{Heap before GC invocations=6 (full 0):
 PSYoungGen      total 37888K, used 19421K [0x00000000e0000000, 0x00000000e4a00000, 0x0000000100000000)
  eden space 32768K, 43% used [0x00000000e0000000,0x00000000e0dfd670,0x00000000e2000000)
  from space 5120K, 99% used [0x00000000e2000000,0x00000000e24fa050,0x00000000e2500000)
  to   space 5120K, 0% used [0x00000000e2500000,0x00000000e2500000,0x00000000e2a00000)
 ParOldGen       total 86016K, used 9023K [0x00000000a0000000, 0x00000000a5400000, 0x00000000e0000000)
  object space 86016K, 10% used [0x00000000a0000000,0x00000000a08cfe28,0x00000000a5400000)
 Metaspace       used 20672K, capacity 21162K, committed 21296K, reserved 1067008K
  class space    used 2956K, capacity 3123K, committed 3200K, reserved 1048576K
Event: 3.332 GC heap after
Heap after GC invocations=6 (full 0):
 PSYoungGen      total 32768K, used 5100K [0x00000000e0000000, 0x00000000e5400000, 0x0000000100000000)
  eden space 27648K, 0% used [0x00000000e0000000,0x00000000e0000000,0x00000000e1b00000)
  from space 5120K, 99% used [0x00000000e2500000,0x00000000e29fb050,0x00000000e2a00000)
  to   space 10240K, 0% used [0x00000000e1b00000,0x00000000e1b00000,0x00000000e2500000)
 ParOldGen       total 86016K, used 11286K [0x00000000a0000000, 0x00000000a5400000, 0x00000000e0000000)
  object space 86016K, 13% used [0x00000000a0000000,0x00000000a0b05aa0,0x00000000a5400000)
 Metaspace       used 20672K, capacity 21162K, committed 21296K, reserved 1067008K
  class space    used 2956K, capacity 3123K, committed 3200K, reserved 1048576K
}
Event: 3.332 GC heap before
{Heap before GC invocations=7 (full 1):
 PSYoungGen      total 32768K, used 5100K [0x00000000e0000000, 0x00000000e5400000, 0x0000000100000000)
  eden space 27648K, 0% used [0x00000000e0000000,0x00000000e0000000,0x00000000e1b00000)
  from space 5120K, 99% used [0x00000000e2500000,0x00000000e29fb050,0x00000000e2a00000)
  to   space 10240K, 0% used [0x00000000e1b00000,0x00000000e1b00000,0x00000000e2500000)
 ParOldGen       total 86016K, used 11286K [0x00000000a0000000, 0x00000000a5400000, 0x00000000e0000000)
  object space 86016K, 13% used [0x00000000a0000000,0x00000000a0b05aa0,0x00000000a5400000)
 Metaspace       used 20672K, capacity 21162K, committed 21296K, reserved 1067008K
  class space    used 2956K, capacity 3123K, committed 3200K, reserved 1048576K
Event: 3.370 GC heap after
Heap after GC invocations=7 (full 1):
 PSYoungGen      total 32768K, used 0K [0x00000000e0000000, 0x00000000e5400000, 0x0000000100000000)
  eden space 27648K, 0% used [0x00000000e0000000,0x00000000e0000000,0x00000000e1b00000)
  from space 5120K, 0% used [0x00000000e2500000,0x00000000e2500000,0x00000000e2a00000)
  to   space 10240K, 0% used [0x00000000e1b00000,0x00000000e1b00000,0x00000000e2500000)
 ParOldGen       total 56320K, used 8860K [0x00000000a0000000, 0x00000000a3700000, 0x00000000e0000000)
  object space 56320K, 15% used [0x00000000a0000000,0x00000000a08a7128,0x00000000a3700000)
 Metaspace       used 20672K, capacity 21162K, committed 21296K, reserved 1067008K
  class space    used 2956K, capacity 3123K, committed 3200K, reserved 1048576K
}
Event: 3.670 GC heap before
{Heap before GC invocations=8 (full 1):
 PSYoungGen      total 32768K, used 27648K [0x00000000e0000000, 0x00000000e5400000, 0x0000000100000000)
  eden space 27648K, 100% used [0x00000000e0000000,0x00000000e1b00000,0x00000000e1b00000)
  from space 5120K, 0% used [0x00000000e2500000,0x00000000e2500000,0x00000000e2a00000)
  to   space 10240K, 0% used [0x00000000e1b00000,0x00000000e1b00000,0x00000000e2500000)
 ParOldGen       total 56320K, used 8860K [0x00000000a0000000, 0x00000000a3700000, 0x00000000e0000000)
  object space 56320K, 15% used [0x00000000a0000000,0x00000000a08a7128,0x00000000a3700000)
 Metaspace       used 25450K, capacity 26040K, committed 26240K, reserved 1071104K
  class space    used 3467K, capacity 3639K, committed 3712K, reserved 1048576K
Event: 3.674 GC heap after
Heap after GC invocations=8 (full 1):
 PSYoungGen      total 37888K, used 4168K [0x00000000e0000000, 0x00000000e4280000, 0x0000000100000000)
  eden space 27648K, 0% used [0x00000000e0000000,0x00000000e0000000,0x00000000e1b00000)
  from space 10240K, 40% used [0x00000000e1b00000,0x00000000e1f123c0,0x00000000e2500000)
  to   space 10752K, 0% used [0x00000000e3800000,0x00000000e3800000,0x00000000e4280000)
 ParOldGen       total 56320K, used 8868K [0x00000000a0000000, 0x00000000a3700000, 0x00000000e0000000)
  object space 56320K, 15% used [0x00000000a0000000,0x00000000a08a9128,0x00000000a3700000)
 Metaspace       used 25450K, capacity 26040K, committed 26240K, reserved 1071104K
  class space    used 3467K, capacity 3639K, committed 3712K, reserved 1048576K
}
Event: 4.068 GC heap before
{Heap before GC invocations=9 (full 1):
 PSYoungGen      total 37888K, used 31816K [0x00000000e0000000, 0x00000000e4280000, 0x0000000100000000)
  eden space 27648K, 100% used [0x00000000e0000000,0x00000000e1b00000,0x00000000e1b00000)
  from space 10240K, 40% used [0x00000000e1b00000,0x00000000e1f123c0,0x00000000e2500000)
  to   space 10752K, 0% used [0x00000000e3800000,0x00000000e3800000,0x00000000e4280000)
 ParOldGen       total 56320K, used 8868K [0x00000000a0000000, 0x00000000a3700000, 0x00000000e0000000)
  object space 56320K, 15% used [0x00000000a0000000,0x00000000a08a9128,0x00000000a3700000)
 Metaspace       used 27887K, capacity 28488K, committed 28672K, reserved 1073152K
  class space    used 3816K, capacity 3999K, committed 4096K, reserved 1048576K
Event: 4.084 GC heap after
Heap after GC invocations=9 (full 1):
 PSYoungGen      total 57856K, used 5244K [0x00000000e0000000, 0x00000000e4280000, 0x0000000100000000)
  eden space 47104K, 0% used [0x00000000e0000000,0x00000000e0000000,0x00000000e2e00000)
  from space 10752K, 48% used [0x00000000e3800000,0x00000000e3d1f348,0x00000000e4280000)
  to   space 10240K, 0% used [0x00000000e2e00000,0x00000000e2e00000,0x00000000e3800000)
 ParOldGen       total 56320K, used 8876K [0x00000000a0000000, 0x00000000a3700000, 0x00000000e0000000)
  object space 56320K, 15% used [0x00000000a0000000,0x00000000a08ab128,0x00000000a3700000)
 Metaspace       used 27887K, capacity 28488K, committed 28672K, reserved 1073152K
  class space    used 3816K, capacity 3999K, committed 4096K, reserved 1048576K
}
Event: 4.586 GC heap before
{Heap before GC invocations=10 (full 1):
 PSYoungGen      total 57856K, used 52348K [0x00000000e0000000, 0x00000000e4280000, 0x0000000100000000)
  eden space 47104K, 100% used [0x00000000e0000000,0x00000000e2e00000,0x00000000e2e00000)
  from space 10752K, 48% used [0x00000000e3800000,0x00000000e3d1f348,0x00000000e4280000)
  to   space 10240K, 0% used [0x00000000e2e00000,0x00000000e2e00000,0x00000000e3800000)
 ParOldGen       total 56320K, used 8876K [0x00000000a0000000, 0x00000000a3700000, 0x00000000e0000000)
  object space 56320K, 15% used [0x00000000a0000000,0x00000000a08ab128,0x00000000a3700000)
 Metaspace       used 30410K, capacity 31074K, committed 31360K, reserved 1077248K
  class space    used 4148K, capacity 4368K, committed 4480K, reserved 1048576K
Event: 4.599 GC heap after
Heap after GC invocations=10 (full 1):
 PSYoungGen      total 57344K, used 6585K [0x00000000e0000000, 0x00000000e5600000, 0x0000000100000000)
  eden space 47104K, 0% used [0x00000000e0000000,0x00000000e0000000,0x00000000e2e00000)
  from space 10240K, 64% used [0x00000000e2e00000,0x00000000e346e658,0x00000000e3800000)
  to   space 10240K, 0% used [0x00000000e4c00000,0x00000000e4c00000,0x00000000e5600000)
 ParOldGen       total 56320K, used 8884K [0x00000000a0000000, 0x00000000a3700000, 0x00000000e0000000)
  object space 56320K, 15% used [0x00000000a0000000,0x00000000a08ad128,0x00000000a3700000)
 Metaspace       used 30410K, capacity 31074K, committed 31360K, reserved 1077248K
  class space    used 4148K, capacity 4368K, committed 4480K, reserved 1048576K
}

