# JRE version: OpenJDK Runtime Environment (8.0_202-b03) (build 1.8.0_202-release-1483-b03)
# Java VM: OpenJDK 64-Bit Server VM (25.202-b03 mixed mode windows-amd64 compressed oops)
Heap:
 PSYoungGen      total 297984K, used 193912K [0x00000000e0000000, 0x00000000f5e00000, 0x0000000100000000)
  eden space 237568K, 56% used [0x00000000e0000000,0x00000000e8264200,0x00000000ee800000)
  from space 60416K, 99% used [0x00000000ee800000,0x00000000f22f9e50,0x00000000f2300000)
  to   space 55808K, 0% used [0x00000000f2780000,0x00000000f2780000,0x00000000f5e00000)
 ParOldGen       total 285696K, used 136212K [0x00000000a0000000, 0x00000000b1700000, 0x00000000e0000000)
  object space 285696K, 47% used [0x00000000a0000000,0x00000000a8505050,0x00000000b1700000)
 Metaspace       used 88718K, capacity 92868K, committed 93224K, reserved 1130496K
  class space    used 11627K, capacity 12481K, committed 12584K, reserved 1048576K
GC Heap History (10 events):
Event: 351.868 GC heap before
{Heap before GC invocations=19 (full 3):
 PSYoungGen      total 225280K, used 222736K [0x00000000e0000000, 0x00000000f1880000, 0x0000000100000000)
  eden space 201728K, 100% used [0x00000000e0000000,0x00000000ec500000,0x00000000ec500000)
  from space 23552K, 89% used [0x00000000ec500000,0x00000000ed984190,0x00000000edc00000)
  to   space 26112K, 0% used [0x00000000eff00000,0x00000000eff00000,0x00000000f1880000)
 ParOldGen       total 133632K, used 44519K [0x00000000a0000000, 0x00000000a8280000, 0x00000000e0000000)
  object space 133632K, 33% used [0x00000000a0000000,0x00000000a2b79ca8,0x00000000a8280000)
 Metaspace       used 84275K, capacity 87932K, committed 88104K, reserved 1126400K
  class space    used 11211K, capacity 11997K, committed 12072K, reserved 1048576K
Event: 352.040 GC heap after
Heap after GC invocations=19 (full 3):
 PSYoungGen      total 230912K, used 26095K [0x00000000e0000000, 0x00000000f6680000, 0x0000000100000000)
  eden space 204800K, 0% used [0x00000000e0000000,0x00000000e0000000,0x00000000ec800000)
  from space 26112K, 99% used [0x00000000eff00000,0x00000000f187bc20,0x00000000f1880000)
  to   space 56320K, 0% used [0x00000000ec800000,0x00000000ec800000,0x00000000eff00000)
 ParOldGen       total 133632K, used 115901K [0x00000000a0000000, 0x00000000a8280000, 0x00000000e0000000)
  object space 133632K, 86% used [0x00000000a0000000,0x00000000a712f7e8,0x00000000a8280000)
 Metaspace       used 84275K, capacity 87932K, committed 88104K, reserved 1126400K
  class space    used 11211K, capacity 11997K, committed 12072K, reserved 1048576K
}
Event: 352.040 GC heap before
{Heap before GC invocations=20 (full 4):
 PSYoungGen      total 230912K, used 26095K [0x00000000e0000000, 0x00000000f6680000, 0x0000000100000000)
  eden space 204800K, 0% used [0x00000000e0000000,0x00000000e0000000,0x00000000ec800000)
  from space 26112K, 99% used [0x00000000eff00000,0x00000000f187bc20,0x00000000f1880000)
  to   space 56320K, 0% used [0x00000000ec800000,0x00000000ec800000,0x00000000eff00000)
 ParOldGen       total 133632K, used 115901K [0x00000000a0000000, 0x00000000a8280000, 0x00000000e0000000)
  object space 133632K, 86% used [0x00000000a0000000,0x00000000a712f7e8,0x00000000a8280000)
 Metaspace       used 84275K, capacity 87932K, committed 88104K, reserved 1126400K
  class space    used 11211K, capacity 11997K, committed 12072K, reserved 1048576K
Event: 352.880 GC heap after
Heap after GC invocations=20 (full 4):
 PSYoungGen      total 230912K, used 0K [0x00000000e0000000, 0x00000000f6680000, 0x0000000100000000)
  eden space 204800K, 0% used [0x00000000e0000000,0x00000000e0000000,0x00000000ec800000)
  from space 26112K, 0% used [0x00000000eff00000,0x00000000eff00000,0x00000000f1880000)
  to   space 56320K, 0% used [0x00000000ec800000,0x00000000ec800000,0x00000000eff00000)
 ParOldGen       total 285696K, used 131554K [0x00000000a0000000, 0x00000000b1700000, 0x00000000e0000000)
  object space 285696K, 46% used [0x00000000a0000000,0x00000000a8078bb0,0x00000000b1700000)
 Metaspace       used 83898K, capacity 87278K, committed 88104K, reserved 1126400K
  class space    used 11147K, capacity 11884K, committed 12072K, reserved 1048576K
}
Event: 355.089 GC heap before
{Heap before GC invocations=21 (full 4):
 PSYoungGen      total 230912K, used 204800K [0x00000000e0000000, 0x00000000f6680000, 0x0000000100000000)
  eden space 204800K, 100% used [0x00000000e0000000,0x00000000ec800000,0x00000000ec800000)
  from space 26112K, 0% used [0x00000000eff00000,0x00000000eff00000,0x00000000f1880000)
  to   space 56320K, 0% used [0x00000000ec800000,0x00000000ec800000,0x00000000eff00000)
 ParOldGen       total 285696K, used 131554K [0x00000000a0000000, 0x00000000b1700000, 0x00000000e0000000)
  object space 285696K, 46% used [0x00000000a0000000,0x00000000a8078bb0,0x00000000b1700000)
 Metaspace       used 84181K, capacity 87580K, committed 88104K, reserved 1126400K
  class space    used 11152K, capacity 11885K, committed 12072K, reserved 1048576K
Event: 355.124 GC heap after
Heap after GC invocations=21 (full 4):
 PSYoungGen      total 261120K, used 40125K [0x00000000e0000000, 0x00000000f6200000, 0x0000000100000000)
  eden space 204800K, 0% used [0x00000000e0000000,0x00000000e0000000,0x00000000ec800000)
  from space 56320K, 71% used [0x00000000ec800000,0x00000000eef2f7d8,0x00000000eff00000)
  to   space 59904K, 0% used [0x00000000f2780000,0x00000000f2780000,0x00000000f6200000)
 ParOldGen       total 285696K, used 131562K [0x00000000a0000000, 0x00000000b1700000, 0x00000000e0000000)
  object space 285696K, 46% used [0x00000000a0000000,0x00000000a807abb0,0x00000000b1700000)
 Metaspace       used 84181K, capacity 87580K, committed 88104K, reserved 1126400K
  class space    used 11152K, capacity 11885K, committed 12072K, reserved 1048576K
}
Event: 416.438 GC heap before
{Heap before GC invocations=22 (full 4):
 PSYoungGen      total 261120K, used 244925K [0x00000000e0000000, 0x00000000f6200000, 0x0000000100000000)
  eden space 204800K, 100% used [0x00000000e0000000,0x00000000ec800000,0x00000000ec800000)
  from space 56320K, 71% used [0x00000000ec800000,0x00000000eef2f7d8,0x00000000eff00000)
  to   space 59904K, 0% used [0x00000000f2780000,0x00000000f2780000,0x00000000f6200000)
 ParOldGen       total 285696K, used 131562K [0x00000000a0000000, 0x00000000b1700000, 0x00000000e0000000)
  object space 285696K, 46% used [0x00000000a0000000,0x00000000a807abb0,0x00000000b1700000)
 Metaspace       used 87126K, capacity 91092K, committed 91304K, reserved 1128448K
  class space    used 11541K, capacity 12351K, committed 12456K, reserved 1048576K
Event: 416.530 GC heap after
Heap after GC invocations=22 (full 4):
 PSYoungGen      total 293376K, used 33479K [0x00000000e0000000, 0x00000000f5e00000, 0x0000000100000000)
  eden space 237568K, 0% used [0x00000000e0000000,0x00000000e0000000,0x00000000ee800000)
  from space 55808K, 59% used [0x00000000f2780000,0x00000000f4831e28,0x00000000f5e00000)
  to   space 60416K, 0% used [0x00000000ee800000,0x00000000ee800000,0x00000000f2300000)
 ParOldGen       total 285696K, used 131570K [0x00000000a0000000, 0x00000000b1700000, 0x00000000e0000000)
  object space 285696K, 46% used [0x00000000a0000000,0x00000000a807cbb0,0x00000000b1700000)
 Metaspace       used 87126K, capacity 91092K, committed 91304K, reserved 1128448K
  class space    used 11541K, capacity 12351K, committed 12456K, reserved 1048576K
}
Event: 735.763 GC heap before
{Heap before GC invocations=23 (full 4):
 PSYoungGen      total 293376K, used 271047K [0x00000000e0000000, 0x00000000f5e00000, 0x0000000100000000)
  eden space 237568K, 100% used [0x00000000e0000000,0x00000000ee800000,0x00000000ee800000)
  from space 55808K, 59% used [0x00000000f2780000,0x00000000f4831e28,0x00000000f5e00000)
  to   space 60416K, 0% used [0x00000000ee800000,0x00000000ee800000,0x00000000f2300000)
 ParOldGen       total 285696K, used 131570K [0x00000000a0000000, 0x00000000b1700000, 0x00000000e0000000)
  object space 285696K, 46% used [0x00000000a0000000,0x00000000a807cbb0,0x00000000b1700000)
 Metaspace       used 88238K, capacity 92258K, committed 92328K, reserved 1128448K
  class space    used 11614K, capacity 12438K, committed 12456K, reserved 1048576K
Event: 735.879 GC heap after
Heap after GC invocations=23 (full 4):
 PSYoungGen      total 297984K, used 60391K [0x00000000e0000000, 0x00000000f5e00000, 0x0000000100000000)
  eden space 237568K, 0% used [0x00000000e0000000,0x00000000e0000000,0x00000000ee800000)
  from space 60416K, 99% used [0x00000000ee800000,0x00000000f22f9e50,0x00000000f2300000)
  to   space 55808K, 0% used [0x00000000f2780000,0x00000000f2780000,0x00000000f5e00000)
 ParOldGen       total 285696K, used 136212K [0x00000000a0000000, 0x00000000b1700000, 0x00000000e0000000)
  object space 285696K, 47% used [0x00000000a0000000,0x00000000a8505050,0x00000000b1700000)
 Metaspace       used 88238K, capacity 92258K, committed 92328K, reserved 1128448K
  class space    used 11614K, capacity 12438K, committed 12456K, reserved 1048576K
}

