# JRE version: OpenJDK Runtime Environment (8.0_202-b03) (build 1.8.0_202-release-1483-b03)
# Java VM: OpenJDK 64-Bit Server VM (25.202-b03 mixed mode windows-amd64 compressed oops)
Heap:
 PSYoungGen      total 328192K, used 147603K [0x00000000e0000000, 0x00000000ff600000, 0x0000000100000000)
  eden space 248320K, 27% used [0x00000000e0000000,0x00000000e4225a38,0x00000000ef280000)
  from space 79872K, 99% used [0x00000000ef280000,0x00000000f407f430,0x00000000f4080000)
  to   space 109568K, 0% used [0x00000000f8b00000,0x00000000f8b00000,0x00000000ff600000)
 ParOldGen       total 274944K, used 223047K [0x00000000a0000000, 0x00000000b0c80000, 0x00000000e0000000)
  object space 274944K, 81% used [0x00000000a0000000,0x00000000ad9d1f50,0x00000000b0c80000)
 Metaspace       used 83349K, capacity 86662K, committed 86808K, reserved 1124352K
  class space    used 10959K, capacity 11696K, committed 11816K, reserved 1048576K
GC Heap History (10 events):
Event: 140.563 GC heap before
{Heap before GC invocations=21 (full 4):
 PSYoungGen      total 262144K, used 242931K [0x00000000e0000000, 0x00000000f3c00000, 0x0000000100000000)
  eden space 221184K, 100% used [0x00000000e0000000,0x00000000ed800000,0x00000000ed800000)
  from space 40960K, 53% used [0x00000000f1400000,0x00000000f293cf00,0x00000000f3c00000)
  to   space 51200K, 0% used [0x00000000ed800000,0x00000000ed800000,0x00000000f0a00000)
 ParOldGen       total 274944K, used 119024K [0x00000000a0000000, 0x00000000b0c80000, 0x00000000e0000000)
  object space 274944K, 43% used [0x00000000a0000000,0x00000000a743c130,0x00000000b0c80000)
 Metaspace       used 82124K, capacity 85230K, committed 85656K, reserved 1124352K
  class space    used 10920K, capacity 11600K, committed 11688K, reserved 1048576K
Event: 140.604 GC heap after
Heap after GC invocations=21 (full 4):
 PSYoungGen      total 272384K, used 28763K [0x00000000e0000000, 0x00000000f5400000, 0x0000000100000000)
  eden space 221184K, 0% used [0x00000000e0000000,0x00000000e0000000,0x00000000ed800000)
  from space 51200K, 56% used [0x00000000ed800000,0x00000000ef416e08,0x00000000f0a00000)
  to   space 51712K, 0% used [0x00000000f2180000,0x00000000f2180000,0x00000000f5400000)
 ParOldGen       total 274944K, used 119032K [0x00000000a0000000, 0x00000000b0c80000, 0x00000000e0000000)
  object space 274944K, 43% used [0x00000000a0000000,0x00000000a743e130,0x00000000b0c80000)
 Metaspace       used 82124K, capacity 85230K, committed 85656K, reserved 1124352K
  class space    used 10920K, capacity 11600K, committed 11688K, reserved 1048576K
}
Event: 142.259 GC heap before
{Heap before GC invocations=22 (full 4):
 PSYoungGen      total 272384K, used 249947K [0x00000000e0000000, 0x00000000f5400000, 0x0000000100000000)
  eden space 221184K, 100% used [0x00000000e0000000,0x00000000ed800000,0x00000000ed800000)
  from space 51200K, 56% used [0x00000000ed800000,0x00000000ef416e08,0x00000000f0a00000)
  to   space 51712K, 0% used [0x00000000f2180000,0x00000000f2180000,0x00000000f5400000)
 ParOldGen       total 274944K, used 119032K [0x00000000a0000000, 0x00000000b0c80000, 0x00000000e0000000)
  object space 274944K, 43% used [0x00000000a0000000,0x00000000a743e130,0x00000000b0c80000)
 Metaspace       used 82235K, capacity 85352K, committed 85656K, reserved 1124352K
  class space    used 10921K, capacity 11633K, committed 11688K, reserved 1048576K
Event: 142.439 GC heap after
Heap after GC invocations=22 (full 4):
 PSYoungGen      total 271360K, used 51686K [0x00000000e0000000, 0x00000000f9180000, 0x0000000100000000)
  eden space 219648K, 0% used [0x00000000e0000000,0x00000000e0000000,0x00000000ed680000)
  from space 51712K, 99% used [0x00000000f2180000,0x00000000f53f98a0,0x00000000f5400000)
  to   space 76800K, 0% used [0x00000000ed680000,0x00000000ed680000,0x00000000f2180000)
 ParOldGen       total 274944K, used 164244K [0x00000000a0000000, 0x00000000b0c80000, 0x00000000e0000000)
  object space 274944K, 59% used [0x00000000a0000000,0x00000000aa0651d8,0x00000000b0c80000)
 Metaspace       used 82235K, capacity 85352K, committed 85656K, reserved 1124352K
  class space    used 10921K, capacity 11633K, committed 11688K, reserved 1048576K
}
Event: 144.539 GC heap before
{Heap before GC invocations=23 (full 4):
 PSYoungGen      total 271360K, used 271334K [0x00000000e0000000, 0x00000000f9180000, 0x0000000100000000)
  eden space 219648K, 100% used [0x00000000e0000000,0x00000000ed680000,0x00000000ed680000)
  from space 51712K, 99% used [0x00000000f2180000,0x00000000f53f98a0,0x00000000f5400000)
  to   space 76800K, 0% used [0x00000000ed680000,0x00000000ed680000,0x00000000f2180000)
 ParOldGen       total 274944K, used 164244K [0x00000000a0000000, 0x00000000b0c80000, 0x00000000e0000000)
  object space 274944K, 59% used [0x00000000a0000000,0x00000000aa0651d8,0x00000000b0c80000)
 Metaspace       used 82428K, capacity 85588K, committed 85912K, reserved 1124352K
  class space    used 10926K, capacity 11639K, committed 11688K, reserved 1048576K
Event: 144.622 GC heap after
Heap after GC invocations=23 (full 4):
 PSYoungGen      total 296448K, used 23360K [0x00000000e0000000, 0x00000000f8780000, 0x0000000100000000)
  eden space 219648K, 0% used [0x00000000e0000000,0x00000000e0000000,0x00000000ed680000)
  from space 76800K, 30% used [0x00000000ed680000,0x00000000eed50268,0x00000000f2180000)
  to   space 72704K, 0% used [0x00000000f4080000,0x00000000f4080000,0x00000000f8780000)
 ParOldGen       total 274944K, used 178551K [0x00000000a0000000, 0x00000000b0c80000, 0x00000000e0000000)
  object space 274944K, 64% used [0x00000000a0000000,0x00000000aae5dc48,0x00000000b0c80000)
 Metaspace       used 82428K, capacity 85588K, committed 85912K, reserved 1124352K
  class space    used 10926K, capacity 11639K, committed 11688K, reserved 1048576K
}
Event: 234.962 GC heap before
{Heap before GC invocations=24 (full 4):
 PSYoungGen      total 296448K, used 242543K [0x00000000e0000000, 0x00000000f8780000, 0x0000000100000000)
  eden space 219648K, 99% used [0x00000000e0000000,0x00000000ed60bc88,0x00000000ed680000)
  from space 76800K, 30% used [0x00000000ed680000,0x00000000eed50268,0x00000000f2180000)
  to   space 72704K, 0% used [0x00000000f4080000,0x00000000f4080000,0x00000000f8780000)
 ParOldGen       total 274944K, used 178551K [0x00000000a0000000, 0x00000000b0c80000, 0x00000000e0000000)
  object space 274944K, 64% used [0x00000000a0000000,0x00000000aae5dc48,0x00000000b0c80000)
 Metaspace       used 83333K, capacity 86658K, committed 86808K, reserved 1124352K
  class space    used 10959K, capacity 11696K, committed 11816K, reserved 1048576K
Event: 235.041 GC heap after
Heap after GC invocations=24 (full 4):
 PSYoungGen      total 321024K, used 59241K [0x00000000e0000000, 0x00000000f9000000, 0x0000000100000000)
  eden space 248320K, 0% used [0x00000000e0000000,0x00000000e0000000,0x00000000ef280000)
  from space 72704K, 81% used [0x00000000f4080000,0x00000000f7a5a5b8,0x00000000f8780000)
  to   space 79872K, 0% used [0x00000000ef280000,0x00000000ef280000,0x00000000f4080000)
 ParOldGen       total 274944K, used 178559K [0x00000000a0000000, 0x00000000b0c80000, 0x00000000e0000000)
  object space 274944K, 64% used [0x00000000a0000000,0x00000000aae5fc48,0x00000000b0c80000)
 Metaspace       used 83333K, capacity 86658K, committed 86808K, reserved 1124352K
  class space    used 10959K, capacity 11696K, committed 11816K, reserved 1048576K
}
Event: 236.681 GC heap before
{Heap before GC invocations=25 (full 4):
 PSYoungGen      total 321024K, used 307561K [0x00000000e0000000, 0x00000000f9000000, 0x0000000100000000)
  eden space 248320K, 100% used [0x00000000e0000000,0x00000000ef280000,0x00000000ef280000)
  from space 72704K, 81% used [0x00000000f4080000,0x00000000f7a5a5b8,0x00000000f8780000)
  to   space 79872K, 0% used [0x00000000ef280000,0x00000000ef280000,0x00000000f4080000)
 ParOldGen       total 274944K, used 178559K [0x00000000a0000000, 0x00000000b0c80000, 0x00000000e0000000)
  object space 274944K, 64% used [0x00000000a0000000,0x00000000aae5fc48,0x00000000b0c80000)
 Metaspace       used 83342K, capacity 86662K, committed 86808K, reserved 1124352K
  class space    used 10959K, capacity 11696K, committed 11816K, reserved 1048576K
Event: 236.895 GC heap after
Heap after GC invocations=25 (full 4):
 PSYoungGen      total 328192K, used 79869K [0x00000000e0000000, 0x00000000ff600000, 0x0000000100000000)
  eden space 248320K, 0% used [0x00000000e0000000,0x00000000e0000000,0x00000000ef280000)
  from space 79872K, 99% used [0x00000000ef280000,0x00000000f407f430,0x00000000f4080000)
  to   space 109568K, 0% used [0x00000000f8b00000,0x00000000f8b00000,0x00000000ff600000)
 ParOldGen       total 274944K, used 223047K [0x00000000a0000000, 0x00000000b0c80000, 0x00000000e0000000)
  object space 274944K, 81% used [0x00000000a0000000,0x00000000ad9d1f50,0x00000000b0c80000)
 Metaspace       used 83342K, capacity 86662K, committed 86808K, reserved 1124352K
  class space    used 10959K, capacity 11696K, committed 11816K, reserved 1048576K
}

