# JRE version: OpenJDK Runtime Environment (8.0_202-b03) (build 1.8.0_202-release-1483-b03)
# Java VM: OpenJDK 64-Bit Server VM (25.202-b03 mixed mode windows-amd64 compressed oops)
Heap:
 PSYoungGen      total 381440K, used 139152K [0x00000000e0000000, 0x00000000fd800000, 0x0000000100000000)
  eden space 287744K, 28% used [0x00000000e0000000,0x00000000e5135b40,0x00000000f1900000)
  from space 93696K, 59% used [0x00000000f7c80000,0x00000000fb32e560,0x00000000fd800000)
  to   space 97792K, 0% used [0x00000000f1900000,0x00000000f1900000,0x00000000f7880000)
 ParOldGen       total 232448K, used 90008K [0x00000000a0000000, 0x00000000ae300000, 0x00000000e0000000)
  object space 232448K, 38% used [0x00000000a0000000,0x00000000a57e6160,0x00000000ae300000)
 Metaspace       used 102184K, capacity 108805K, committed 108928K, reserved 1144832K
  class space    used 13188K, capacity 14433K, committed 14464K, reserved 1048576K
GC Heap History (10 events):
Event: 163.795 GC heap before
{Heap before GC invocations=28 (full 4):
 PSYoungGen      total 290816K, used 280196K [0x00000000e0000000, 0x00000000f8600000, 0x0000000100000000)
  eden space 230912K, 100% used [0x00000000e0000000,0x00000000ee180000,0x00000000ee180000)
  from space 59904K, 82% used [0x00000000ee180000,0x00000000f11a1030,0x00000000f1c00000)
  to   space 66560K, 0% used [0x00000000f4500000,0x00000000f4500000,0x00000000f8600000)
 ParOldGen       total 232448K, used 53728K [0x00000000a0000000, 0x00000000ae300000, 0x00000000e0000000)
  object space 232448K, 23% used [0x00000000a0000000,0x00000000a3478198,0x00000000ae300000)
 Metaspace       used 92983K, capacity 96973K, committed 97152K, reserved 1134592K
  class space    used 11861K, capacity 12650K, committed 12672K, reserved 1048576K
Event: 164.051 GC heap after
Heap after GC invocations=28 (full 4):
 PSYoungGen      total 308736K, used 66537K [0x00000000e0000000, 0x00000000fbf00000, 0x0000000100000000)
  eden space 242176K, 0% used [0x00000000e0000000,0x00000000e0000000,0x00000000eec80000)
  from space 66560K, 99% used [0x00000000f4500000,0x00000000f85fa5c8,0x00000000f8600000)
  to   space 90624K, 0% used [0x00000000eec80000,0x00000000eec80000,0x00000000f4500000)
 ParOldGen       total 232448K, used 88647K [0x00000000a0000000, 0x00000000ae300000, 0x00000000e0000000)
  object space 232448K, 38% used [0x00000000a0000000,0x00000000a5691ff8,0x00000000ae300000)
 Metaspace       used 92983K, capacity 96973K, committed 97152K, reserved 1134592K
  class space    used 11861K, capacity 12650K, committed 12672K, reserved 1048576K
}
Event: 249.170 GC heap before
{Heap before GC invocations=29 (full 4):
 PSYoungGen      total 308736K, used 308713K [0x00000000e0000000, 0x00000000fbf00000, 0x0000000100000000)
  eden space 242176K, 100% used [0x00000000e0000000,0x00000000eec80000,0x00000000eec80000)
  from space 66560K, 99% used [0x00000000f4500000,0x00000000f85fa5c8,0x00000000f8600000)
  to   space 90624K, 0% used [0x00000000eec80000,0x00000000eec80000,0x00000000f4500000)
 ParOldGen       total 232448K, used 88647K [0x00000000a0000000, 0x00000000ae300000, 0x00000000e0000000)
  object space 232448K, 38% used [0x00000000a0000000,0x00000000a5691ff8,0x00000000ae300000)
 Metaspace       used 95969K, capacity 100707K, committed 100864K, reserved 1136640K
  class space    used 12313K, capacity 13242K, committed 13312K, reserved 1048576K
Event: 249.311 GC heap after
Heap after GC invocations=29 (full 4):
 PSYoungGen      total 332800K, used 52232K [0x00000000e0000000, 0x00000000fbf00000, 0x0000000100000000)
  eden space 242176K, 0% used [0x00000000e0000000,0x00000000e0000000,0x00000000eec80000)
  from space 90624K, 57% used [0x00000000eec80000,0x00000000f1f821f0,0x00000000f4500000)
  to   space 92160K, 0% used [0x00000000f6500000,0x00000000f6500000,0x00000000fbf00000)
 ParOldGen       total 232448K, used 89984K [0x00000000a0000000, 0x00000000ae300000, 0x00000000e0000000)
  object space 232448K, 38% used [0x00000000a0000000,0x00000000a57e0160,0x00000000ae300000)
 Metaspace       used 95969K, capacity 100707K, committed 100864K, reserved 1136640K
  class space    used 12313K, capacity 13242K, committed 13312K, reserved 1048576K
}
Event: 1340.170 GC heap before
{Heap before GC invocations=30 (full 4):
 PSYoungGen      total 332800K, used 294408K [0x00000000e0000000, 0x00000000fbf00000, 0x0000000100000000)
  eden space 242176K, 100% used [0x00000000e0000000,0x00000000eec80000,0x00000000eec80000)
  from space 90624K, 57% used [0x00000000eec80000,0x00000000f1f821f0,0x00000000f4500000)
  to   space 92160K, 0% used [0x00000000f6500000,0x00000000f6500000,0x00000000fbf00000)
 ParOldGen       total 232448K, used 89984K [0x00000000a0000000, 0x00000000ae300000, 0x00000000e0000000)
  object space 232448K, 38% used [0x00000000a0000000,0x00000000a57e0160,0x00000000ae300000)
 Metaspace       used 97967K, capacity 103495K, committed 103680K, reserved 1138688K
  class space    used 12563K, capacity 13560K, committed 13568K, reserved 1048576K
Event: 1340.369 GC heap after
Heap after GC invocations=30 (full 4):
 PSYoungGen      total 357376K, used 51911K [0x00000000e0000000, 0x00000000fbc00000, 0x0000000100000000)
  eden space 268288K, 0% used [0x00000000e0000000,0x00000000e0000000,0x00000000f0600000)
  from space 89088K, 58% used [0x00000000f6500000,0x00000000f97b1ff0,0x00000000fbc00000)
  to   space 93184K, 0% used [0x00000000f0600000,0x00000000f0600000,0x00000000f6100000)
 ParOldGen       total 232448K, used 89992K [0x00000000a0000000, 0x00000000ae300000, 0x00000000e0000000)
  object space 232448K, 38% used [0x00000000a0000000,0x00000000a57e2160,0x00000000ae300000)
 Metaspace       used 97967K, capacity 103495K, committed 103680K, reserved 1138688K
  class space    used 12563K, capacity 13560K, committed 13568K, reserved 1048576K
}
Event: 1596.758 GC heap before
{Heap before GC invocations=31 (full 4):
 PSYoungGen      total 357376K, used 317992K [0x00000000e0000000, 0x00000000fbc00000, 0x0000000100000000)
  eden space 268288K, 99% used [0x00000000e0000000,0x00000000f03d80a0,0x00000000f0600000)
  from space 89088K, 58% used [0x00000000f6500000,0x00000000f97b1ff0,0x00000000fbc00000)
  to   space 93184K, 0% used [0x00000000f0600000,0x00000000f0600000,0x00000000f6100000)
 ParOldGen       total 232448K, used 89992K [0x00000000a0000000, 0x00000000ae300000, 0x00000000e0000000)
  object space 232448K, 38% used [0x00000000a0000000,0x00000000a57e2160,0x00000000ae300000)
 Metaspace       used 99546K, capacity 105257K, committed 105344K, reserved 1140736K
  class space    used 12785K, capacity 13869K, committed 13952K, reserved 1048576K
Event: 1596.909 GC heap after
Heap after GC invocations=31 (full 4):
 PSYoungGen      total 361472K, used 63191K [0x00000000e0000000, 0x00000000fdb80000, 0x0000000100000000)
  eden space 268288K, 0% used [0x00000000e0000000,0x00000000e0000000,0x00000000f0600000)
  from space 93184K, 67% used [0x00000000f0600000,0x00000000f43b5e18,0x00000000f6100000)
  to   space 97280K, 0% used [0x00000000f7c80000,0x00000000f7c80000,0x00000000fdb80000)
 ParOldGen       total 232448K, used 90000K [0x00000000a0000000, 0x00000000ae300000, 0x00000000e0000000)
  object space 232448K, 38% used [0x00000000a0000000,0x00000000a57e4160,0x00000000ae300000)
 Metaspace       used 99546K, capacity 105257K, committed 105344K, reserved 1140736K
  class space    used 12785K, capacity 13869K, committed 13952K, reserved 1048576K
}
Event: 3345.797 GC heap before
{Heap before GC invocations=32 (full 4):
 PSYoungGen      total 361472K, used 331479K [0x00000000e0000000, 0x00000000fdb80000, 0x0000000100000000)
  eden space 268288K, 100% used [0x00000000e0000000,0x00000000f0600000,0x00000000f0600000)
  from space 93184K, 67% used [0x00000000f0600000,0x00000000f43b5e18,0x00000000f6100000)
  to   space 97280K, 0% used [0x00000000f7c80000,0x00000000f7c80000,0x00000000fdb80000)
 ParOldGen       total 232448K, used 90000K [0x00000000a0000000, 0x00000000ae300000, 0x00000000e0000000)
  object space 232448K, 38% used [0x00000000a0000000,0x00000000a57e4160,0x00000000ae300000)
 Metaspace       used 101934K, capacity 108471K, committed 108672K, reserved 1142784K
  class space    used 13160K, capacity 14356K, committed 14464K, reserved 1048576K
Event: 3345.955 GC heap after
Heap after GC invocations=32 (full 4):
 PSYoungGen      total 381440K, used 55993K [0x00000000e0000000, 0x00000000fd800000, 0x0000000100000000)
  eden space 287744K, 0% used [0x00000000e0000000,0x00000000e0000000,0x00000000f1900000)
  from space 93696K, 59% used [0x00000000f7c80000,0x00000000fb32e560,0x00000000fd800000)
  to   space 97792K, 0% used [0x00000000f1900000,0x00000000f1900000,0x00000000f7880000)
 ParOldGen       total 232448K, used 90008K [0x00000000a0000000, 0x00000000ae300000, 0x00000000e0000000)
  object space 232448K, 38% used [0x00000000a0000000,0x00000000a57e6160,0x00000000ae300000)
 Metaspace       used 101934K, capacity 108471K, committed 108672K, reserved 1142784K
  class space    used 13160K, capacity 14356K, committed 14464K, reserved 1048576K
}

