# JRE version: OpenJDK Runtime Environment (8.0_202-b03) (build 1.8.0_202-release-1483-b03)
# Java VM: OpenJDK 64-Bit Server VM (25.202-b03 mixed mode windows-amd64 compressed oops)
Heap:
 PSYoungGen      total 266752K, used 97289K [0x00000000e0000000, 0x00000000f5380000, 0x0000000100000000)
  eden space 204800K, 24% used [0x00000000e0000000,0x00000000e30e18f0,0x00000000ec800000)
  from space 61952K, 76% used [0x00000000f0980000,0x00000000f37a0be0,0x00000000f4600000)
  to   space 67072K, 0% used [0x00000000ec800000,0x00000000ec800000,0x00000000f0980000)
 ParOldGen       total 283648K, used 125703K [0x00000000a0000000, 0x00000000b1500000, 0x00000000e0000000)
  object space 283648K, 44% used [0x00000000a0000000,0x00000000a7ac1e28,0x00000000b1500000)
 Metaspace       used 85699K, capacity 89565K, committed 90368K, reserved 1128448K
  class space    used 11289K, capacity 12091K, committed 12288K, reserved 1048576K
GC Heap History (10 events):
Event: 708.518 GC heap before
{Heap before GC invocations=18 (full 3):
 PSYoungGen      total 206848K, used 206822K [0x00000000e0000000, 0x00000000ee180000, 0x0000000100000000)
  eden space 188416K, 100% used [0x00000000e0000000,0x00000000eb800000,0x00000000eb800000)
  from space 18432K, 99% used [0x00000000ecf80000,0x00000000ee179b98,0x00000000ee180000)
  to   space 20992K, 0% used [0x00000000eb880000,0x00000000eb880000,0x00000000ecd00000)
 ParOldGen       total 140288K, used 34262K [0x00000000a0000000, 0x00000000a8900000, 0x00000000e0000000)
  object space 140288K, 24% used [0x00000000a0000000,0x00000000a2175aa8,0x00000000a8900000)
 Metaspace       used 75604K, capacity 79113K, committed 79360K, reserved 1118208K
  class space    used 9969K, capacity 10728K, committed 10752K, reserved 1048576K
Event: 708.543 GC heap after
Heap after GC invocations=18 (full 3):
 PSYoungGen      total 203264K, used 20977K [0x00000000e0000000, 0x00000000ee300000, 0x0000000100000000)
  eden space 182272K, 0% used [0x00000000e0000000,0x00000000e0000000,0x00000000eb200000)
  from space 20992K, 99% used [0x00000000eb880000,0x00000000eccfc648,0x00000000ecd00000)
  to   space 22528K, 0% used [0x00000000ecd00000,0x00000000ecd00000,0x00000000ee300000)
 ParOldGen       total 140288K, used 37444K [0x00000000a0000000, 0x00000000a8900000, 0x00000000e0000000)
  object space 140288K, 26% used [0x00000000a0000000,0x00000000a24913f8,0x00000000a8900000)
 Metaspace       used 75604K, capacity 79113K, committed 79360K, reserved 1118208K
  class space    used 9969K, capacity 10728K, committed 10752K, reserved 1048576K
}
Event: 711.050 GC heap before
{Heap before GC invocations=19 (full 3):
 PSYoungGen      total 203264K, used 203249K [0x00000000e0000000, 0x00000000ee300000, 0x0000000100000000)
  eden space 182272K, 100% used [0x00000000e0000000,0x00000000eb200000,0x00000000eb200000)
  from space 20992K, 99% used [0x00000000eb880000,0x00000000eccfc648,0x00000000ecd00000)
  to   space 22528K, 0% used [0x00000000ecd00000,0x00000000ecd00000,0x00000000ee300000)
 ParOldGen       total 140288K, used 37444K [0x00000000a0000000, 0x00000000a8900000, 0x00000000e0000000)
  object space 140288K, 26% used [0x00000000a0000000,0x00000000a24913f8,0x00000000a8900000)
 Metaspace       used 79959K, capacity 83689K, committed 83712K, reserved 1122304K
  class space    used 10454K, capacity 11257K, committed 11264K, reserved 1048576K
Event: 711.101 GC heap after
Heap after GC invocations=19 (full 3):
 PSYoungGen      total 197120K, used 22509K [0x00000000e0000000, 0x00000000f1500000, 0x0000000100000000)
  eden space 174592K, 0% used [0x00000000e0000000,0x00000000e0000000,0x00000000eaa80000)
  from space 22528K, 99% used [0x00000000ecd00000,0x00000000ee2fb698,0x00000000ee300000)
  to   space 35328K, 0% used [0x00000000eaa80000,0x00000000eaa80000,0x00000000ecd00000)
 ParOldGen       total 140288K, used 58371K [0x00000000a0000000, 0x00000000a8900000, 0x00000000e0000000)
  object space 140288K, 41% used [0x00000000a0000000,0x00000000a3900f88,0x00000000a8900000)
 Metaspace       used 79959K, capacity 83689K, committed 83712K, reserved 1122304K
  class space    used 10454K, capacity 11257K, committed 11264K, reserved 1048576K
}
Event: 712.909 GC heap before
{Heap before GC invocations=20 (full 3):
 PSYoungGen      total 197120K, used 197101K [0x00000000e0000000, 0x00000000f1500000, 0x0000000100000000)
  eden space 174592K, 100% used [0x00000000e0000000,0x00000000eaa80000,0x00000000eaa80000)
  from space 22528K, 99% used [0x00000000ecd00000,0x00000000ee2fb698,0x00000000ee300000)
  to   space 35328K, 0% used [0x00000000eaa80000,0x00000000eaa80000,0x00000000ecd00000)
 ParOldGen       total 140288K, used 58371K [0x00000000a0000000, 0x00000000a8900000, 0x00000000e0000000)
  object space 140288K, 41% used [0x00000000a0000000,0x00000000a3900f88,0x00000000a8900000)
 Metaspace       used 85747K, capacity 90027K, committed 90112K, reserved 1126400K
  class space    used 11373K, capacity 12246K, committed 12288K, reserved 1048576K
Event: 713.058 GC heap after
Heap after GC invocations=20 (full 3):
 PSYoungGen      total 209920K, used 35321K [0x00000000e0000000, 0x00000000f4600000, 0x0000000100000000)
  eden space 174592K, 0% used [0x00000000e0000000,0x00000000e0000000,0x00000000eaa80000)
  from space 35328K, 99% used [0x00000000eaa80000,0x00000000eccfe608,0x00000000ecd00000)
  to   space 61952K, 0% used [0x00000000f0980000,0x00000000f0980000,0x00000000f4600000)
 ParOldGen       total 140288K, used 116075K [0x00000000a0000000, 0x00000000a8900000, 0x00000000e0000000)
  object space 140288K, 82% used [0x00000000a0000000,0x00000000a715acc0,0x00000000a8900000)
 Metaspace       used 85747K, capacity 90027K, committed 90112K, reserved 1126400K
  class space    used 11373K, capacity 12246K, committed 12288K, reserved 1048576K
}
Event: 713.066 GC heap before
{Heap before GC invocations=21 (full 4):
 PSYoungGen      total 209920K, used 35321K [0x00000000e0000000, 0x00000000f4600000, 0x0000000100000000)
  eden space 174592K, 0% used [0x00000000e0000000,0x00000000e0000000,0x00000000eaa80000)
  from space 35328K, 99% used [0x00000000eaa80000,0x00000000eccfe608,0x00000000ecd00000)
  to   space 61952K, 0% used [0x00000000f0980000,0x00000000f0980000,0x00000000f4600000)
 ParOldGen       total 140288K, used 116075K [0x00000000a0000000, 0x00000000a8900000, 0x00000000e0000000)
  object space 140288K, 82% used [0x00000000a0000000,0x00000000a715acc0,0x00000000a8900000)
 Metaspace       used 85747K, capacity 90027K, committed 90112K, reserved 1126400K
  class space    used 11373K, capacity 12246K, committed 12288K, reserved 1048576K
Event: 713.819 GC heap after
Heap after GC invocations=21 (full 4):
 PSYoungGen      total 209920K, used 0K [0x00000000e0000000, 0x00000000f4600000, 0x0000000100000000)
  eden space 174592K, 0% used [0x00000000e0000000,0x00000000e0000000,0x00000000eaa80000)
  from space 35328K, 0% used [0x00000000eaa80000,0x00000000eaa80000,0x00000000ecd00000)
  to   space 61952K, 0% used [0x00000000f0980000,0x00000000f0980000,0x00000000f4600000)
 ParOldGen       total 283648K, used 125695K [0x00000000a0000000, 0x00000000b1500000, 0x00000000e0000000)
  object space 283648K, 44% used [0x00000000a0000000,0x00000000a7abfe28,0x00000000b1500000)
 Metaspace       used 85300K, capacity 89187K, committed 90112K, reserved 1126400K
  class space    used 11285K, capacity 12090K, committed 12288K, reserved 1048576K
}
Event: 715.772 GC heap before
{Heap before GC invocations=22 (full 4):
 PSYoungGen      total 209920K, used 174592K [0x00000000e0000000, 0x00000000f4600000, 0x0000000100000000)
  eden space 174592K, 100% used [0x00000000e0000000,0x00000000eaa80000,0x00000000eaa80000)
  from space 35328K, 0% used [0x00000000eaa80000,0x00000000eaa80000,0x00000000ecd00000)
  to   space 61952K, 0% used [0x00000000f0980000,0x00000000f0980000,0x00000000f4600000)
 ParOldGen       total 283648K, used 125695K [0x00000000a0000000, 0x00000000b1500000, 0x00000000e0000000)
  object space 283648K, 44% used [0x00000000a0000000,0x00000000a7abfe28,0x00000000b1500000)
 Metaspace       used 85559K, capacity 89501K, committed 90112K, reserved 1126400K
  class space    used 11289K, capacity 12091K, committed 12288K, reserved 1048576K
Event: 715.829 GC heap after
Heap after GC invocations=22 (full 4):
 PSYoungGen      total 266752K, used 47234K [0x00000000e0000000, 0x00000000f5380000, 0x0000000100000000)
  eden space 204800K, 0% used [0x00000000e0000000,0x00000000e0000000,0x00000000ec800000)
  from space 61952K, 76% used [0x00000000f0980000,0x00000000f37a0be0,0x00000000f4600000)
  to   space 67072K, 0% used [0x00000000ec800000,0x00000000ec800000,0x00000000f0980000)
 ParOldGen       total 283648K, used 125703K [0x00000000a0000000, 0x00000000b1500000, 0x00000000e0000000)
  object space 283648K, 44% used [0x00000000a0000000,0x00000000a7ac1e28,0x00000000b1500000)
 Metaspace       used 85559K, capacity 89501K, committed 90112K, reserved 1126400K
  class space    used 11289K, capacity 12091K, committed 12288K, reserved 1048576K
}

