# JRE version: OpenJDK Runtime Environment (8.0_202-b03) (build 1.8.0_202-release-1483-b03)
# Java VM: OpenJDK 64-Bit Server VM (25.202-b03 mixed mode windows-amd64 compressed oops)
Heap:
 PSYoungGen      total 321536K, used 193450K [0x00000000e0000000, 0x00000000fd800000, 0x0000000100000000)
  eden space 222720K, 57% used [0x00000000e0000000,0x00000000e7dc6e48,0x00000000ed980000)
  from space 98816K, 65% used [0x00000000ed980000,0x00000000f18a3ab8,0x00000000f3a00000)
  to   space 103424K, 0% used [0x00000000f7300000,0x00000000f7300000,0x00000000fd800000)
 ParOldGen       total 313856K, used 252216K [0x00000000a0000000, 0x00000000b3280000, 0x00000000e0000000)
  object space 313856K, 80% used [0x00000000a0000000,0x00000000af64e108,0x00000000b3280000)
 Metaspace       used 90764K, capacity 94913K, committed 95104K, reserved 1132544K
  class space    used 11747K, capacity 12614K, committed 12672K, reserved 1048576K
GC Heap History (10 events):
Event: 553.982 GC heap before
{Heap before GC invocations=21 (full 4):
 PSYoungGen      total 228352K, used 189440K [0x00000000e0000000, 0x00000000f5a00000, 0x0000000100000000)
  eden space 189440K, 100% used [0x00000000e0000000,0x00000000eb900000,0x00000000eb900000)
  from space 38912K, 0% used [0x00000000ef800000,0x00000000ef800000,0x00000000f1e00000)
  to   space 64512K, 0% used [0x00000000eb900000,0x00000000eb900000,0x00000000ef800000)
 ParOldGen       total 313856K, used 139175K [0x00000000a0000000, 0x00000000b3280000, 0x00000000e0000000)
  object space 313856K, 44% used [0x00000000a0000000,0x00000000a87e9e98,0x00000000b3280000)
 Metaspace       used 79938K, capacity 83689K, committed 83712K, reserved 1122304K
  class space    used 10732K, capacity 11498K, committed 11520K, reserved 1048576K
Event: 554.028 GC heap after
Heap after GC invocations=21 (full 4):
 PSYoungGen      total 253952K, used 13132K [0x00000000e0000000, 0x00000000f4c00000, 0x0000000100000000)
  eden space 189440K, 0% used [0x00000000e0000000,0x00000000e0000000,0x00000000eb900000)
  from space 64512K, 20% used [0x00000000eb900000,0x00000000ec5d32e8,0x00000000ef800000)
  to   space 61952K, 0% used [0x00000000f0f80000,0x00000000f0f80000,0x00000000f4c00000)
 ParOldGen       total 313856K, used 139183K [0x00000000a0000000, 0x00000000b3280000, 0x00000000e0000000)
  object space 313856K, 44% used [0x00000000a0000000,0x00000000a87ebe98,0x00000000b3280000)
 Metaspace       used 79938K, capacity 83689K, committed 83712K, reserved 1122304K
  class space    used 10732K, capacity 11498K, committed 11520K, reserved 1048576K
}
Event: 561.000 GC heap before
{Heap before GC invocations=22 (full 4):
 PSYoungGen      total 253952K, used 202572K [0x00000000e0000000, 0x00000000f4c00000, 0x0000000100000000)
  eden space 189440K, 100% used [0x00000000e0000000,0x00000000eb900000,0x00000000eb900000)
  from space 64512K, 20% used [0x00000000eb900000,0x00000000ec5d32e8,0x00000000ef800000)
  to   space 61952K, 0% used [0x00000000f0f80000,0x00000000f0f80000,0x00000000f4c00000)
 ParOldGen       total 313856K, used 139183K [0x00000000a0000000, 0x00000000b3280000, 0x00000000e0000000)
  object space 313856K, 44% used [0x00000000a0000000,0x00000000a87ebe98,0x00000000b3280000)
 Metaspace       used 82284K, capacity 86203K, committed 86400K, reserved 1124352K
  class space    used 10982K, capacity 11795K, committed 11904K, reserved 1048576K
Event: 561.032 GC heap after
Heap after GC invocations=22 (full 4):
 PSYoungGen      total 264704K, used 21832K [0x00000000e0000000, 0x00000000f4200000, 0x0000000100000000)
  eden space 212992K, 0% used [0x00000000e0000000,0x00000000e0000000,0x00000000ed000000)
  from space 51712K, 42% used [0x00000000f0f80000,0x00000000f24d2010,0x00000000f4200000)
  to   space 58368K, 0% used [0x00000000ed000000,0x00000000ed000000,0x00000000f0900000)
 ParOldGen       total 313856K, used 139191K [0x00000000a0000000, 0x00000000b3280000, 0x00000000e0000000)
  object space 313856K, 44% used [0x00000000a0000000,0x00000000a87ede98,0x00000000b3280000)
 Metaspace       used 82284K, capacity 86203K, committed 86400K, reserved 1124352K
  class space    used 10982K, capacity 11795K, committed 11904K, reserved 1048576K
}
Event: 565.319 GC heap before
{Heap before GC invocations=23 (full 4):
 PSYoungGen      total 264704K, used 234824K [0x00000000e0000000, 0x00000000f4200000, 0x0000000100000000)
  eden space 212992K, 100% used [0x00000000e0000000,0x00000000ed000000,0x00000000ed000000)
  from space 51712K, 42% used [0x00000000f0f80000,0x00000000f24d2010,0x00000000f4200000)
  to   space 58368K, 0% used [0x00000000ed000000,0x00000000ed000000,0x00000000f0900000)
 ParOldGen       total 313856K, used 139191K [0x00000000a0000000, 0x00000000b3280000, 0x00000000e0000000)
  object space 313856K, 44% used [0x00000000a0000000,0x00000000a87ede98,0x00000000b3280000)
 Metaspace       used 88519K, capacity 92527K, committed 92672K, reserved 1130496K
  class space    used 11632K, capacity 12479K, committed 12544K, reserved 1048576K
Event: 565.436 GC heap after
Heap after GC invocations=23 (full 4):
 PSYoungGen      total 271360K, used 58353K [0x00000000e0000000, 0x00000000f8500000, 0x0000000100000000)
  eden space 212992K, 0% used [0x00000000e0000000,0x00000000e0000000,0x00000000ed000000)
  from space 58368K, 99% used [0x00000000ed000000,0x00000000f08fc700,0x00000000f0900000)
  to   space 76800K, 0% used [0x00000000f3a00000,0x00000000f3a00000,0x00000000f8500000)
 ParOldGen       total 313856K, used 162749K [0x00000000a0000000, 0x00000000b3280000, 0x00000000e0000000)
  object space 313856K, 51% used [0x00000000a0000000,0x00000000a9eef6b8,0x00000000b3280000)
 Metaspace       used 88519K, capacity 92527K, committed 92672K, reserved 1130496K
  class space    used 11632K, capacity 12479K, committed 12544K, reserved 1048576K
}
Event: 569.004 GC heap before
{Heap before GC invocations=24 (full 4):
 PSYoungGen      total 271360K, used 271345K [0x00000000e0000000, 0x00000000f8500000, 0x0000000100000000)
  eden space 212992K, 100% used [0x00000000e0000000,0x00000000ed000000,0x00000000ed000000)
  from space 58368K, 99% used [0x00000000ed000000,0x00000000f08fc700,0x00000000f0900000)
  to   space 76800K, 0% used [0x00000000f3a00000,0x00000000f3a00000,0x00000000f8500000)
 ParOldGen       total 313856K, used 162749K [0x00000000a0000000, 0x00000000b3280000, 0x00000000e0000000)
  object space 313856K, 51% used [0x00000000a0000000,0x00000000a9eef6b8,0x00000000b3280000)
 Metaspace       used 90305K, capacity 94321K, committed 94464K, reserved 1130496K
  class space    used 11713K, capacity 12542K, committed 12544K, reserved 1048576K
Event: 569.177 GC heap after
Heap after GC invocations=24 (full 4):
 PSYoungGen      total 299520K, used 76790K [0x00000000e0000000, 0x00000000fb800000, 0x0000000100000000)
  eden space 222720K, 0% used [0x00000000e0000000,0x00000000e0000000,0x00000000ed980000)
  from space 76800K, 99% used [0x00000000f3a00000,0x00000000f84fd8a0,0x00000000f8500000)
  to   space 98816K, 0% used [0x00000000ed980000,0x00000000ed980000,0x00000000f3a00000)
 ParOldGen       total 313856K, used 187182K [0x00000000a0000000, 0x00000000b3280000, 0x00000000e0000000)
  object space 313856K, 59% used [0x00000000a0000000,0x00000000ab6cbb70,0x00000000b3280000)
 Metaspace       used 90305K, capacity 94321K, committed 94464K, reserved 1130496K
  class space    used 11713K, capacity 12542K, committed 12544K, reserved 1048576K
}
Event: 570.652 GC heap before
{Heap before GC invocations=25 (full 4):
 PSYoungGen      total 299520K, used 299510K [0x00000000e0000000, 0x00000000fb800000, 0x0000000100000000)
  eden space 222720K, 100% used [0x00000000e0000000,0x00000000ed980000,0x00000000ed980000)
  from space 76800K, 99% used [0x00000000f3a00000,0x00000000f84fd8a0,0x00000000f8500000)
  to   space 98816K, 0% used [0x00000000ed980000,0x00000000ed980000,0x00000000f3a00000)
 ParOldGen       total 313856K, used 187182K [0x00000000a0000000, 0x00000000b3280000, 0x00000000e0000000)
  object space 313856K, 59% used [0x00000000a0000000,0x00000000ab6cbb70,0x00000000b3280000)
 Metaspace       used 90319K, capacity 94321K, committed 94464K, reserved 1130496K
  class space    used 11713K, capacity 12542K, committed 12544K, reserved 1048576K
Event: 570.801 GC heap after
Heap after GC invocations=25 (full 4):
 PSYoungGen      total 321536K, used 64654K [0x00000000e0000000, 0x00000000fd800000, 0x0000000100000000)
  eden space 222720K, 0% used [0x00000000e0000000,0x00000000e0000000,0x00000000ed980000)
  from space 98816K, 65% used [0x00000000ed980000,0x00000000f18a3ab8,0x00000000f3a00000)
  to   space 103424K, 0% used [0x00000000f7300000,0x00000000f7300000,0x00000000fd800000)
 ParOldGen       total 313856K, used 252216K [0x00000000a0000000, 0x00000000b3280000, 0x00000000e0000000)
  object space 313856K, 80% used [0x00000000a0000000,0x00000000af64e108,0x00000000b3280000)
 Metaspace       used 90319K, capacity 94321K, committed 94464K, reserved 1130496K
  class space    used 11713K, capacity 12542K, committed 12544K, reserved 1048576K
}

