# JRE version: OpenJDK Runtime Environment (8.0_202-b03) (build 1.8.0_202-release-1483-b03)
# Java VM: OpenJDK 64-Bit Server VM (25.202-b03 mixed mode windows-amd64 compressed oops)
Heap:
 PSYoungGen      total 374272K, used 159966K [0x00000000e0000000, 0x00000000ff380000, 0x0000000100000000)
  eden space 247296K, 60% used [0x00000000e0000000,0x00000000e918b8b8,0x00000000ef180000)
  from space 126976K, 8% used [0x00000000f7780000,0x00000000f822c050,0x00000000ff380000)
  to   space 132096K, 0% used [0x00000000ef180000,0x00000000ef180000,0x00000000f7280000)
 ParOldGen       total 270336K, used 95792K [0x00000000a0000000, 0x00000000b0800000, 0x00000000e0000000)
  object space 270336K, 35% used [0x00000000a0000000,0x00000000a5d8c078,0x00000000b0800000)
 Metaspace       used 99426K, capacity 105488K, committed 105728K, reserved 1140736K
  class space    used 12631K, capacity 13736K, committed 13824K, reserved 1048576K
GC Heap History (10 events):
Event: 2239.321 GC heap before
{Heap before GC invocations=39 (full 5):
 PSYoungGen      total 379392K, used 241348K [0x00000000e0000000, 0x0000000100000000, 0x0000000100000000)
  eden space 234496K, 100% used [0x00000000e0000000,0x00000000ee500000,0x00000000ee500000)
  from space 144896K, 4% used [0x00000000ee500000,0x00000000eebb1368,0x00000000f7280000)
  to   space 143360K, 0% used [0x00000000f7400000,0x00000000f7400000,0x0000000100000000)
 ParOldGen       total 270336K, used 87189K [0x00000000a0000000, 0x00000000b0800000, 0x00000000e0000000)
  object space 270336K, 32% used [0x00000000a0000000,0x00000000a55256a8,0x00000000b0800000)
 Metaspace       used 98099K, capacity 103972K, committed 104320K, reserved 1140736K
  class space    used 12506K, capacity 13594K, committed 13696K, reserved 1048576K
Event: 2239.358 GC heap after
Heap after GC invocations=39 (full 5):
 PSYoungGen      total 372736K, used 5350K [0x00000000e0000000, 0x00000000ff980000, 0x0000000100000000)
  eden space 236032K, 0% used [0x00000000e0000000,0x00000000e0000000,0x00000000ee680000)
  from space 136704K, 3% used [0x00000000f7400000,0x00000000f7939a00,0x00000000ff980000)
  to   space 140800K, 0% used [0x00000000ee680000,0x00000000ee680000,0x00000000f7000000)
 ParOldGen       total 270336K, used 89225K [0x00000000a0000000, 0x00000000b0800000, 0x00000000e0000000)
  object space 270336K, 33% used [0x00000000a0000000,0x00000000a5722758,0x00000000b0800000)
 Metaspace       used 98099K, capacity 103972K, committed 104320K, reserved 1140736K
  class space    used 12506K, capacity 13594K, committed 13696K, reserved 1048576K
}
Event: 2243.141 GC heap before
{Heap before GC invocations=40 (full 5):
 PSYoungGen      total 372736K, used 241382K [0x00000000e0000000, 0x00000000ff980000, 0x0000000100000000)
  eden space 236032K, 100% used [0x00000000e0000000,0x00000000ee680000,0x00000000ee680000)
  from space 136704K, 3% used [0x00000000f7400000,0x00000000f7939a00,0x00000000ff980000)
  to   space 140800K, 0% used [0x00000000ee680000,0x00000000ee680000,0x00000000f7000000)
 ParOldGen       total 270336K, used 89225K [0x00000000a0000000, 0x00000000b0800000, 0x00000000e0000000)
  object space 270336K, 33% used [0x00000000a0000000,0x00000000a5722758,0x00000000b0800000)
 Metaspace       used 98457K, capacity 104358K, committed 104576K, reserved 1140736K
  class space    used 12530K, capacity 13635K, committed 13696K, reserved 1048576K
Event: 2243.164 GC heap after
Heap after GC invocations=40 (full 5):
 PSYoungGen      total 376832K, used 8311K [0x00000000e0000000, 0x00000000ffd00000, 0x0000000100000000)
  eden space 236032K, 0% used [0x00000000e0000000,0x00000000e0000000,0x00000000ee680000)
  from space 140800K, 5% used [0x00000000ee680000,0x00000000eee9dc30,0x00000000f7000000)
  to   space 137216K, 0% used [0x00000000f7700000,0x00000000f7700000,0x00000000ffd00000)
 ParOldGen       total 270336K, used 94065K [0x00000000a0000000, 0x00000000b0800000, 0x00000000e0000000)
  object space 270336K, 34% used [0x00000000a0000000,0x00000000a5bdc6f8,0x00000000b0800000)
 Metaspace       used 98457K, capacity 104358K, committed 104576K, reserved 1140736K
  class space    used 12530K, capacity 13635K, committed 13696K, reserved 1048576K
}
Event: 2244.409 GC heap before
{Heap before GC invocations=41 (full 5):
 PSYoungGen      total 376832K, used 244343K [0x00000000e0000000, 0x00000000ffd00000, 0x0000000100000000)
  eden space 236032K, 100% used [0x00000000e0000000,0x00000000ee680000,0x00000000ee680000)
  from space 140800K, 5% used [0x00000000ee680000,0x00000000eee9dc30,0x00000000f7000000)
  to   space 137216K, 0% used [0x00000000f7700000,0x00000000f7700000,0x00000000ffd00000)
 ParOldGen       total 270336K, used 94065K [0x00000000a0000000, 0x00000000b0800000, 0x00000000e0000000)
  object space 270336K, 34% used [0x00000000a0000000,0x00000000a5bdc6f8,0x00000000b0800000)
 Metaspace       used 98710K, capacity 104658K, committed 104832K, reserved 1140736K
  class space    used 12538K, capacity 13641K, committed 13696K, reserved 1048576K
Event: 2244.504 GC heap after
Heap after GC invocations=41 (full 5):
 PSYoungGen      total 381440K, used 73446K [0x00000000e0000000, 0x0000000100000000, 0x0000000100000000)
  eden space 244224K, 0% used [0x00000000e0000000,0x00000000e0000000,0x00000000eee80000)
  from space 137216K, 53% used [0x00000000f7700000,0x00000000fbeb9878,0x00000000ffd00000)
  to   space 139776K, 0% used [0x00000000eee80000,0x00000000eee80000,0x00000000f7700000)
 ParOldGen       total 270336K, used 94967K [0x00000000a0000000, 0x00000000b0800000, 0x00000000e0000000)
  object space 270336K, 35% used [0x00000000a0000000,0x00000000a5cbdff8,0x00000000b0800000)
 Metaspace       used 98710K, capacity 104658K, committed 104832K, reserved 1140736K
  class space    used 12538K, capacity 13641K, committed 13696K, reserved 1048576K
}
Event: 2363.009 GC heap before
{Heap before GC invocations=42 (full 5):
 PSYoungGen      total 381440K, used 317670K [0x00000000e0000000, 0x0000000100000000, 0x0000000100000000)
  eden space 244224K, 100% used [0x00000000e0000000,0x00000000eee80000,0x00000000eee80000)
  from space 137216K, 53% used [0x00000000f7700000,0x00000000fbeb9878,0x00000000ffd00000)
  to   space 139776K, 0% used [0x00000000eee80000,0x00000000eee80000,0x00000000f7700000)
 ParOldGen       total 270336K, used 94967K [0x00000000a0000000, 0x00000000b0800000, 0x00000000e0000000)
  object space 270336K, 35% used [0x00000000a0000000,0x00000000a5cbdff8,0x00000000b0800000)
 Metaspace       used 99166K, capacity 105144K, committed 105472K, reserved 1140736K
  class space    used 12623K, capacity 13722K, committed 13824K, reserved 1048576K
Event: 2363.013 GC heap after
Heap after GC invocations=42 (full 5):
 PSYoungGen      total 384000K, used 1302K [0x00000000e0000000, 0x00000000ffd80000, 0x0000000100000000)
  eden space 244224K, 0% used [0x00000000e0000000,0x00000000e0000000,0x00000000eee80000)
  from space 139776K, 0% used [0x00000000eee80000,0x00000000eefc5970,0x00000000f7700000)
  to   space 137216K, 0% used [0x00000000f7780000,0x00000000f7780000,0x00000000ffd80000)
 ParOldGen       total 270336K, used 95052K [0x00000000a0000000, 0x00000000b0800000, 0x00000000e0000000)
  object space 270336K, 35% used [0x00000000a0000000,0x00000000a5cd3008,0x00000000b0800000)
 Metaspace       used 99166K, capacity 105144K, committed 105472K, reserved 1140736K
  class space    used 12623K, capacity 13722K, committed 13824K, reserved 1048576K
}
Event: 2976.218 GC heap before
{Heap before GC invocations=43 (full 5):
 PSYoungGen      total 384000K, used 245526K [0x00000000e0000000, 0x00000000ffd80000, 0x0000000100000000)
  eden space 244224K, 100% used [0x00000000e0000000,0x00000000eee80000,0x00000000eee80000)
  from space 139776K, 0% used [0x00000000eee80000,0x00000000eefc5970,0x00000000f7700000)
  to   space 137216K, 0% used [0x00000000f7780000,0x00000000f7780000,0x00000000ffd80000)
 ParOldGen       total 270336K, used 95052K [0x00000000a0000000, 0x00000000b0800000, 0x00000000e0000000)
  object space 270336K, 35% used [0x00000000a0000000,0x00000000a5cd3008,0x00000000b0800000)
 Metaspace       used 99362K, capacity 105412K, committed 105728K, reserved 1140736K
  class space    used 12629K, capacity 13734K, committed 13824K, reserved 1048576K
Event: 2976.234 GC heap after
Heap after GC invocations=43 (full 5):
 PSYoungGen      total 374272K, used 10928K [0x00000000e0000000, 0x00000000ff380000, 0x0000000100000000)
  eden space 247296K, 0% used [0x00000000e0000000,0x00000000e0000000,0x00000000ef180000)
  from space 126976K, 8% used [0x00000000f7780000,0x00000000f822c050,0x00000000ff380000)
  to   space 132096K, 0% used [0x00000000ef180000,0x00000000ef180000,0x00000000f7280000)
 ParOldGen       total 270336K, used 95792K [0x00000000a0000000, 0x00000000b0800000, 0x00000000e0000000)
  object space 270336K, 35% used [0x00000000a0000000,0x00000000a5d8c078,0x00000000b0800000)
 Metaspace       used 99362K, capacity 105412K, committed 105728K, reserved 1140736K
  class space    used 12629K, capacity 13734K, committed 13824K, reserved 1048576K
}

